1.42148e+06
189900
2.65306e+06
1316 2016
1.22878
bk1	560	1694	896	1827
bk10a	182	1778	560	1897
bk10b	259	1323	420	1463
bk10c	1022	868	1141	917
bk11	826	0	1001	119
bk12	420	0	826	140
bk13	0	875	140	1372
bk14a	266	259	462	378
bk14b	126	0	420	119
bk14c	420	140	581	259
bk15a	126	609	245	875
bk15b	140	875	259	1211
bk16	0	1778	119	1904
bk17a	420	1323	602	1694
bk17b	0	1372	182	1575
bk18	0	1575	182	1778
bk19	959	784	1078	868
bk2	1183	0	1316	294
bk20	1001	0	1183	350
bk21	126	119	266	434
bk3	1001	350	1134	665
bk4	462	1057	1022	1190
bk5a	826	784	959	924
bk5b	126	434	259	609
bk5c	259	1190	490	1323
bk6	581	924	896	1057
bk7	560	1827	742	1925
bk8a	602	1190	812	1400
bk8b	0	0	126	378
bk9a	259	1463	378	1645
bk9b	182	1897	301	2016
bk9c	826	665	1183	784
bk9d	420	1694	539	1778
