2.44776e+06
219753
4.67578e+06
1568 2982
1.29445
bk1	0	0	336	133
bk10a	336	0	714	119
bk10b	0	133	161	273
bk10c	714	0	833	49
bk11	336	119	511	238
bk12	161	133	301	539
bk13	0	273	140	770
bk14a	833	0	1029	119
bk14b	714	238	1008	357
bk14c	511	119	672	238
bk15a	336	238	455	504
bk15b	301	1120	420	1456
bk16	161	539	280	665
bk17a	140	2100	511	2282
bk17b	0	2660	182	2863
bk18	1029	0	1211	203
bk19	833	119	917	238
bk2	1008	287	1141	581
bk20	714	357	896	707
bk21	672	707	987	847
bk3	511	238	644	553
bk4	455	847	1015	980
bk5a	336	980	469	1120
bk5b	420	1120	595	1253
bk5c	301	1456	434	1687
bk6	280	1687	413	2002
bk7	161	2002	343	2100
bk8a	511	1253	721	1463
bk8b	140	2282	266	2660
bk9a	182	2660	364	2779
bk9b	0	2863	119	2982
bk9c	1211	0	1568	119
bk9d	1029	203	1148	287
