5.69074e+07
2.45848e+06
1.11356e+08
7994 13930
2.64407
M001	0	0	1708	3234
M002	1708	0	2380	1554
M003	0	8974	2184	9982
M004	2380	0	5460	1610
M005	1708	1554	2240	2940
M006	2184	8176	4046	9058
M007	0	9982	350	10850
M008	5460	0	6104	1246
M009	2380	1610	3360	2072
M010	2240	3682	2534	4298
M011	1708	6146	2534	6524
M012	4046	4788	4844	5194
M013	2184	9058	2450	9730
M014	350	9982	756	10906
M015	0	12040	406	12880
M016	6104	0	6426	798
M017	5460	1246	5852	2002
M018	3360	1610	4438	2002
M019	2380	2072	2772	2898
M020	2534	3682	3332	3934
M021	2240	4788	2632	5614
M022	2534	6146	3486	6510
M023	1708	7672	2842	8162
M024	4844	3290	5642	3556
M025	4046	5194	4830	5516
M026	2450	9058	2800	9786
M027	2184	9786	2548	10626
M028	756	9982	1274	11046
M029	350	11046	840	12040
M030	406	12040	1708	12768
M031	0	12880	392	13930
M032	6426	0	7210	378
M033	6104	798	7994	1750
M034	5852	1750	6412	2898
M035	5460	2898	6314	3290
M036	4438	1610	5432	2058
M037	3360	2058	4578	2618
M038	2772	2072	3220	3038
M039	2380	2898	2744	3682
M040	3332	2618	3724	3486
M041	2534	3934	2898	4788
M042	2632	4788	2800	5166
M043	2240	5614	3150	6146
M044	3486	3486	4116	4788
M045	2534	6510	3206	7672
M046	2842	7672	4046	8176
M047	1708	8162	2142	8974
M048	5642	3290	6944	4018
M049	4844	3556	5236	4298
